c:\dev\graphsgameplayprogramming\source\tempfiles\debug\gpp_framework.pch
c:\dev\graphsgameplayprogramming\source\tempfiles\debug\vc143.pdb
c:\dev\graphsgameplayprogramming\source\tempfiles\debug\vc143.idb
c:\dev\graphsgameplayprogramming\source\tempfiles\debug\stdafx.obj
c:\dev\graphsgameplayprogramming\source\tempfiles\debug\app_sandbox.obj
c:\dev\graphsgameplayprogramming\source\tempfiles\debug\app_graphtheory.obj
c:\dev\graphsgameplayprogramming\source\tempfiles\debug\app_pathfindingastar.obj
c:\dev\graphsgameplayprogramming\source\tempfiles\debug\main.obj
c:\dev\graphsgameplayprogramming\source\tempfiles\debug\gl3w.obj
c:\dev\graphsgameplayprogramming\source\tempfiles\debug\sdlwindow.obj
c:\dev\graphsgameplayprogramming\source\tempfiles\debug\eimmediateui.obj
c:\dev\graphsgameplayprogramming\source\tempfiles\debug\etimer_sdl.obj
c:\dev\graphsgameplayprogramming\source\tempfiles\debug\sdlframe.obj
c:\dev\graphsgameplayprogramming\source\tempfiles\debug\sdldebugrenderer2d.obj
c:\dev\graphsgameplayprogramming\source\tempfiles\debug\ecamera2d.obj
c:\dev\graphsgameplayprogramming\source\tempfiles\debug\ephysicsworldbox2d.obj
c:\dev\graphsgameplayprogramming\source\tempfiles\debug\erigidbodybox2d.obj
c:\dev\graphsgameplayprogramming\source\tempfiles\debug\ematrix2x3.obj
c:\dev\graphsgameplayprogramming\source\tempfiles\debug\einputmanager.obj
c:\dev\graphsgameplayprogramming\source\tempfiles\debug\egeometry2dtypes.obj
c:\dev\graphsgameplayprogramming\source\tempfiles\debug\egraphrenderer.obj
c:\dev\graphsgameplayprogramming\source\tempfiles\debug\egrapheditor.obj
c:\dev\graphsgameplayprogramming\source\tempfiles\debug\egraphnodetypes.obj
c:\dev\graphsgameplayprogramming\source\tempfiles\debug\egraphconnectiontypes.obj
c:\dev\graphsgameplayprogramming\source\tempfiles\debug\baseagent.obj
c:\dev\graphsgameplayprogramming\source\tempfiles\debug\steeringbehaviors.obj
c:\dev\graphsgameplayprogramming\source\tempfiles\debug\steeringagent.obj
c:\dev\graphsgameplayprogramming\source\tempfiles\debug\obstacle.obj
c:\dev\graphsgameplayprogramming\source\tempfiles\debug\app_steeringbehaviors.obj
c:\dev\graphsgameplayprogramming\source\tempfiles\debug\spacepartitioning.obj
c:\dev\graphsgameplayprogramming\source\tempfiles\debug\flockingsteeringbehaviors.obj
c:\dev\graphsgameplayprogramming\source\tempfiles\debug\flock.obj
c:\dev\graphsgameplayprogramming\source\tempfiles\debug\app_flocking.obj
c:\dev\graphsgameplayprogramming\source\tempfiles\debug\combinedsteeringbehaviors.obj
c:\dev\graphsgameplayprogramming\source\tempfiles\debug\app_combinedsteering.obj
c:\dev\graphsgameplayprogramming\source\tempfiles\debug\sandboxagent.obj
c:\dev\graphsgameplayprogramming\source\tempfiles\debug\navigationcolliderelement.obj
c:\dev\graphsgameplayprogramming\source\tempfiles\debug\gpp_framework.ilk
c:\dev\graphsgameplayprogramming\bin\debug\gpp_framework.exe
c:\dev\graphsgameplayprogramming\bin\debug\gpp_framework.pdb
c:\dev\graphsgameplayprogramming\source\..\bin\debug\gpp_framework.pdb
c:\dev\graphsgameplayprogramming\source\tempfiles\debug\gpp_framework.tlog\cl.command.1.tlog
c:\dev\graphsgameplayprogramming\source\tempfiles\debug\gpp_framework.tlog\cl.read.1.tlog
c:\dev\graphsgameplayprogramming\source\tempfiles\debug\gpp_framework.tlog\cl.write.1.tlog
c:\dev\graphsgameplayprogramming\source\tempfiles\debug\gpp_framework.tlog\link.command.1.tlog
c:\dev\graphsgameplayprogramming\source\tempfiles\debug\gpp_framework.tlog\link.read.1.tlog
c:\dev\graphsgameplayprogramming\source\tempfiles\debug\gpp_framework.tlog\link.write.1.tlog
