c:\dev\gameplay_programming\graphs\source\tempfiles\release\gpp_framework.pch
c:\dev\gameplay_programming\graphs\source\tempfiles\release\vc143.pdb
c:\dev\gameplay_programming\graphs\source\tempfiles\release\stdafx.obj
c:\dev\gameplay_programming\graphs\source\tempfiles\release\app_sandbox.obj
c:\dev\gameplay_programming\graphs\source\tempfiles\release\app_graphtheory.obj
c:\dev\gameplay_programming\graphs\source\tempfiles\release\main.obj
c:\dev\gameplay_programming\graphs\source\tempfiles\release\gl3w.obj
c:\dev\gameplay_programming\graphs\source\tempfiles\release\sdlwindow.obj
c:\dev\gameplay_programming\graphs\source\tempfiles\release\eimmediateui.obj
c:\dev\gameplay_programming\graphs\source\tempfiles\release\etimer_sdl.obj
c:\dev\gameplay_programming\graphs\source\tempfiles\release\sdlframe.obj
c:\dev\gameplay_programming\graphs\source\tempfiles\release\sdldebugrenderer2d.obj
c:\dev\gameplay_programming\graphs\source\tempfiles\release\ecamera2d.obj
c:\dev\gameplay_programming\graphs\source\tempfiles\release\ephysicsworldbox2d.obj
c:\dev\gameplay_programming\graphs\source\tempfiles\release\erigidbodybox2d.obj
c:\dev\gameplay_programming\graphs\source\tempfiles\release\ematrix2x3.obj
c:\dev\gameplay_programming\graphs\source\tempfiles\release\einputmanager.obj
c:\dev\gameplay_programming\graphs\source\tempfiles\release\egeometry2dtypes.obj
c:\dev\gameplay_programming\graphs\source\tempfiles\release\egraphrenderer.obj
c:\dev\gameplay_programming\graphs\source\tempfiles\release\egrapheditor.obj
c:\dev\gameplay_programming\graphs\source\tempfiles\release\egraphnodetypes.obj
c:\dev\gameplay_programming\graphs\source\tempfiles\release\egraphconnectiontypes.obj
c:\dev\gameplay_programming\graphs\source\tempfiles\release\baseagent.obj
c:\dev\gameplay_programming\graphs\source\tempfiles\release\steeringbehaviors.obj
c:\dev\gameplay_programming\graphs\source\tempfiles\release\steeringagent.obj
c:\dev\gameplay_programming\graphs\source\tempfiles\release\obstacle.obj
c:\dev\gameplay_programming\graphs\source\tempfiles\release\app_steeringbehaviors.obj
c:\dev\gameplay_programming\graphs\source\tempfiles\release\spacepartitioning.obj
c:\dev\gameplay_programming\graphs\source\tempfiles\release\flockingsteeringbehaviors.obj
c:\dev\gameplay_programming\graphs\source\tempfiles\release\flock.obj
c:\dev\gameplay_programming\graphs\source\tempfiles\release\app_flocking.obj
c:\dev\gameplay_programming\graphs\source\tempfiles\release\combinedsteeringbehaviors.obj
c:\dev\gameplay_programming\graphs\source\tempfiles\release\app_combinedsteering.obj
c:\dev\gameplay_programming\graphs\source\tempfiles\release\sandboxagent.obj
c:\dev\graphsgameplayprogramming\source\tempfiles\release\gpp_framework.pch
c:\dev\graphsgameplayprogramming\source\tempfiles\release\vc143.pdb
c:\dev\graphsgameplayprogramming\source\tempfiles\release\stdafx.obj
c:\dev\graphsgameplayprogramming\source\tempfiles\release\egraphnodetypes.obj
c:\dev\graphsgameplayprogramming\source\tempfiles\release\egraphconnectiontypes.obj
c:\dev\graphsgameplayprogramming\source\tempfiles\release\app_combinedsteering.obj
c:\dev\graphsgameplayprogramming\source\tempfiles\release\app_flocking.obj
c:\dev\graphsgameplayprogramming\source\tempfiles\release\app_graphtheory.obj
c:\dev\graphsgameplayprogramming\source\tempfiles\release\app_sandbox.obj
c:\dev\graphsgameplayprogramming\source\tempfiles\release\app_steeringbehaviors.obj
c:\dev\graphsgameplayprogramming\source\tempfiles\release\baseagent.obj
c:\dev\graphsgameplayprogramming\source\tempfiles\release\combinedsteeringbehaviors.obj
c:\dev\graphsgameplayprogramming\source\tempfiles\release\ecamera2d.obj
c:\dev\graphsgameplayprogramming\source\tempfiles\release\egeometry2dtypes.obj
c:\dev\graphsgameplayprogramming\source\tempfiles\release\egraphrenderer.obj
c:\dev\graphsgameplayprogramming\source\tempfiles\release\eimmediateui.obj
c:\dev\graphsgameplayprogramming\source\tempfiles\release\einputmanager.obj
c:\dev\graphsgameplayprogramming\source\tempfiles\release\ematrix2x3.obj
c:\dev\graphsgameplayprogramming\source\tempfiles\release\enavgraph.obj
c:\dev\graphsgameplayprogramming\source\tempfiles\release\ephysicsworldbox2d.obj
c:\dev\graphsgameplayprogramming\source\tempfiles\release\erigidbodybox2d.obj
c:\dev\graphsgameplayprogramming\source\tempfiles\release\etimer_sdl.obj
c:\dev\graphsgameplayprogramming\source\tempfiles\release\flock.obj
c:\dev\graphsgameplayprogramming\source\tempfiles\release\flockingsteeringbehaviors.obj
c:\dev\graphsgameplayprogramming\source\tempfiles\release\gl3w.obj
c:\dev\graphsgameplayprogramming\source\tempfiles\release\main.obj
c:\dev\graphsgameplayprogramming\source\tempfiles\release\navigationcolliderelement.obj
c:\dev\graphsgameplayprogramming\source\tempfiles\release\obstacle.obj
c:\dev\graphsgameplayprogramming\source\tempfiles\release\sandboxagent.obj
c:\dev\graphsgameplayprogramming\source\tempfiles\release\sdldebugrenderer2d.obj
c:\dev\graphsgameplayprogramming\source\tempfiles\release\sdlframe.obj
c:\dev\graphsgameplayprogramming\source\tempfiles\release\sdlwindow.obj
c:\dev\graphsgameplayprogramming\source\tempfiles\release\spacepartitioning.obj
c:\dev\graphsgameplayprogramming\source\tempfiles\release\steeringagent.obj
c:\dev\graphsgameplayprogramming\source\tempfiles\release\steeringbehaviors.obj
c:\dev\graphsgameplayprogramming\source\tempfiles\release\gpp_framework.tlog\cl.command.1.tlog
c:\dev\graphsgameplayprogramming\source\tempfiles\release\gpp_framework.tlog\cl.read.1.tlog
c:\dev\graphsgameplayprogramming\source\tempfiles\release\gpp_framework.tlog\cl.write.1.tlog
c:\dev\graphsgameplayprogramming\source\tempfiles\release\gpp_framework.tlog\clang-cl.14428.write.1.tlog
c:\dev\graphsgameplayprogramming\source\tempfiles\release\gpp_framework.tlog\clang-cl.command.1.tlog
c:\dev\graphsgameplayprogramming\source\tempfiles\release\gpp_framework.tlog\clang-cl.read.1.tlog
